# JRE version: Java(TM) SE Runtime Environment (8.0_144-b01) (build 1.8.0_144-b01)
# Java VM: Java HotSpot(TM) 64-Bit Server VM (25.144-b01 mixed mode windows-amd64 compressed oops)
Heap:
 PSYoungGen      total 44544K, used 15398K [0x00000000d5b00000, 0x00000000e9800000, 0x0000000100000000)
  eden space 44032K, 34% used [0x00000000d5b00000,0x00000000d69e1b00,0x00000000d8600000)
  from space 512K, 31% used [0x00000000e9700000,0x00000000e9728000,0x00000000e9780000)
  to   space 512K, 0% used [0x00000000e9780000,0x00000000e9780000,0x00000000e9800000)
 ParOldGen       total 202752K, used 59635K [0x0000000081000000, 0x000000008d600000, 0x00000000d5b00000)
  object space 202752K, 29% used [0x0000000081000000,0x0000000084a3cd38,0x000000008d600000)
 Metaspace       used 23093K, capacity 23384K, committed 23680K, reserved 1071104K
  class space    used 2760K, capacity 2834K, committed 2944K, reserved 1048576K
GC Heap History (10 events):
Event: 1061.218 GC heap before
{Heap before GC invocations=1498 (full 17):
 PSYoungGen      total 44544K, used 43653K [0x00000000d5b00000, 0x00000000e9800000, 0x0000000100000000)
  eden space 44032K, 98% used [0x00000000d5b00000,0x00000000d8579470,0x00000000d8600000)
  from space 512K, 31% used [0x00000000e9780000,0x00000000e97a8000,0x00000000e9800000)
  to   space 512K, 0% used [0x00000000e9700000,0x00000000e9700000,0x00000000e9780000)
 ParOldGen       total 202752K, used 59547K [0x0000000081000000, 0x000000008d600000, 0x00000000d5b00000)
  object space 202752K, 29% used [0x0000000081000000,0x0000000084a26d38,0x000000008d600000)
 Metaspace       used 23076K, capacity 23384K, committed 23680K, reserved 1071104K
  class space    used 2757K, capacity 2834K, committed 2944K, reserved 1048576K
Event: 1061.219 GC heap after
Heap after GC invocations=1498 (full 17):
 PSYoungGen      total 44544K, used 160K [0x00000000d5b00000, 0x00000000e9800000, 0x0000000100000000)
  eden space 44032K, 0% used [0x00000000d5b00000,0x00000000d5b00000,0x00000000d8600000)
  from space 512K, 31% used [0x00000000e9700000,0x00000000e9728000,0x00000000e9780000)
  to   space 512K, 0% used [0x00000000e9780000,0x00000000e9780000,0x00000000e9800000)
 ParOldGen       total 202752K, used 59563K [0x0000000081000000, 0x000000008d600000, 0x00000000d5b00000)
  object space 202752K, 29% used [0x0000000081000000,0x0000000084a2ad38,0x000000008d600000)
 Metaspace       used 23076K, capacity 23384K, committed 23680K, reserved 1071104K
  class space    used 2757K, capacity 2834K, committed 2944K, reserved 1048576K
}
Event: 1061.517 GC heap before
{Heap before GC invocations=1499 (full 17):
 PSYoungGen      total 44544K, used 43654K [0x00000000d5b00000, 0x00000000e9800000, 0x0000000100000000)
  eden space 44032K, 98% used [0x00000000d5b00000,0x00000000d8579b58,0x00000000d8600000)
  from space 512K, 31% used [0x00000000e9700000,0x00000000e9728000,0x00000000e9780000)
  to   space 512K, 0% used [0x00000000e9780000,0x00000000e9780000,0x00000000e9800000)
 ParOldGen       total 202752K, used 59563K [0x0000000081000000, 0x000000008d600000, 0x00000000d5b00000)
  object space 202752K, 29% used [0x0000000081000000,0x0000000084a2ad38,0x000000008d600000)
 Metaspace       used 23076K, capacity 23384K, committed 23680K, reserved 1071104K
  class space    used 2757K, capacity 2834K, committed 2944K, reserved 1048576K
Event: 1061.518 GC heap after
Heap after GC invocations=1499 (full 17):
 PSYoungGen      total 44544K, used 160K [0x00000000d5b00000, 0x00000000e9800000, 0x0000000100000000)
  eden space 44032K, 0% used [0x00000000d5b00000,0x00000000d5b00000,0x00000000d8600000)
  from space 512K, 31% used [0x00000000e9780000,0x00000000e97a8000,0x00000000e9800000)
  to   space 512K, 0% used [0x00000000e9700000,0x00000000e9700000,0x00000000e9780000)
 ParOldGen       total 202752K, used 59579K [0x0000000081000000, 0x000000008d600000, 0x00000000d5b00000)
  object space 202752K, 29% used [0x0000000081000000,0x0000000084a2ed38,0x000000008d600000)
 Metaspace       used 23076K, capacity 23384K, committed 23680K, reserved 1071104K
  class space    used 2757K, capacity 2834K, committed 2944K, reserved 1048576K
}
Event: 1061.818 GC heap before
{Heap before GC invocations=1500 (full 17):
 PSYoungGen      total 44544K, used 43687K [0x00000000d5b00000, 0x00000000e9800000, 0x0000000100000000)
  eden space 44032K, 98% used [0x00000000d5b00000,0x00000000d8581ef8,0x00000000d8600000)
  from space 512K, 31% used [0x00000000e9780000,0x00000000e97a8000,0x00000000e9800000)
  to   space 512K, 0% used [0x00000000e9700000,0x00000000e9700000,0x00000000e9780000)
 ParOldGen       total 202752K, used 59579K [0x0000000081000000, 0x000000008d600000, 0x00000000d5b00000)
  object space 202752K, 29% used [0x0000000081000000,0x0000000084a2ed38,0x000000008d600000)
 Metaspace       used 23076K, capacity 23384K, committed 23680K, reserved 1071104K
  class space    used 2757K, capacity 2834K, committed 2944K, reserved 1048576K
Event: 1061.819 GC heap after
Heap after GC invocations=1500 (full 17):
 PSYoungGen      total 44544K, used 160K [0x00000000d5b00000, 0x00000000e9800000, 0x0000000100000000)
  eden space 44032K, 0% used [0x00000000d5b00000,0x00000000d5b00000,0x00000000d8600000)
  from space 512K, 31% used [0x00000000e9700000,0x00000000e9728000,0x00000000e9780000)
  to   space 512K, 0% used [0x00000000e9780000,0x00000000e9780000,0x00000000e9800000)
 ParOldGen       total 202752K, used 59595K [0x0000000081000000, 0x000000008d600000, 0x00000000d5b00000)
  object space 202752K, 29% used [0x0000000081000000,0x0000000084a32d38,0x000000008d600000)
 Metaspace       used 23076K, capacity 23384K, committed 23680K, reserved 1071104K
  class space    used 2757K, capacity 2834K, committed 2944K, reserved 1048576K
}
Event: 1062.117 GC heap before
{Heap before GC invocations=1501 (full 17):
 PSYoungGen      total 44544K, used 43704K [0x00000000d5b00000, 0x00000000e9800000, 0x0000000100000000)
  eden space 44032K, 98% used [0x00000000d5b00000,0x00000000d85860c8,0x00000000d8600000)
  from space 512K, 31% used [0x00000000e9700000,0x00000000e9728000,0x00000000e9780000)
  to   space 512K, 0% used [0x00000000e9780000,0x00000000e9780000,0x00000000e9800000)
 ParOldGen       total 202752K, used 59595K [0x0000000081000000, 0x000000008d600000, 0x00000000d5b00000)
  object space 202752K, 29% used [0x0000000081000000,0x0000000084a32d38,0x000000008d600000)
 Metaspace       used 23076K, capacity 23384K, committed 23680K, reserved 1071104K
  class space    used 2757K, capacity 2834K, committed 2944K, reserved 1048576K
Event: 1062.118 GC heap after
Heap after GC invocations=1501 (full 17):
 PSYoungGen      total 44544K, used 160K [0x00000000d5b00000, 0x00000000e9800000, 0x0000000100000000)
  eden space 44032K, 0% used [0x00000000d5b00000,0x00000000d5b00000,0x00000000d8600000)
  from space 512K, 31% used [0x00000000e9780000,0x00000000e97a8000,0x00000000e9800000)
  to   space 512K, 0% used [0x00000000e9700000,0x00000000e9700000,0x00000000e9780000)
 ParOldGen       total 202752K, used 59611K [0x0000000081000000, 0x000000008d600000, 0x00000000d5b00000)
  object space 202752K, 29% used [0x0000000081000000,0x0000000084a36d38,0x000000008d600000)
 Metaspace       used 23076K, capacity 23384K, committed 23680K, reserved 1071104K
  class space    used 2757K, capacity 2834K, committed 2944K, reserved 1048576K
}
Event: 1062.418 GC heap before
{Heap before GC invocations=1502 (full 17):
 PSYoungGen      total 44544K, used 43810K [0x00000000d5b00000, 0x00000000e9800000, 0x0000000100000000)
  eden space 44032K, 99% used [0x00000000d5b00000,0x00000000d85a09a8,0x00000000d8600000)
  from space 512K, 31% used [0x00000000e9780000,0x00000000e97a8000,0x00000000e9800000)
  to   space 512K, 0% used [0x00000000e9700000,0x00000000e9700000,0x00000000e9780000)
 ParOldGen       total 202752K, used 59611K [0x0000000081000000, 0x000000008d600000, 0x00000000d5b00000)
  object space 202752K, 29% used [0x0000000081000000,0x0000000084a36d38,0x000000008d600000)
 Metaspace       used 23082K, capacity 23384K, committed 23680K, reserved 1071104K
  class space    used 2758K, capacity 2834K, committed 2944K, reserved 1048576K
Event: 1062.419 GC heap after
Heap after GC invocations=1502 (full 17):
 PSYoungGen      total 44544K, used 160K [0x00000000d5b00000, 0x00000000e9800000, 0x0000000100000000)
  eden space 44032K, 0% used [0x00000000d5b00000,0x00000000d5b00000,0x00000000d8600000)
  from space 512K, 31% used [0x00000000e9700000,0x00000000e9728000,0x00000000e9780000)
  to   space 512K, 0% used [0x00000000e9780000,0x00000000e9780000,0x00000000e9800000)
 ParOldGen       total 202752K, used 59635K [0x0000000081000000, 0x000000008d600000, 0x00000000d5b00000)
  object space 202752K, 29% used [0x0000000081000000,0x0000000084a3cd38,0x000000008d600000)
 Metaspace       used 23082K, capacity 23384K, committed 23680K, reserved 1071104K
  class space    used 2758K, capacity 2834K, committed 2944K, reserved 1048576K
}

