# JRE version: Java(TM) SE Runtime Environment (8.0_144-b01) (build 1.8.0_144-b01)
# Java VM: Java HotSpot(TM) 64-Bit Server VM (25.144-b01 mixed mode windows-amd64 compressed oops)
Heap:
 PSYoungGen      total 44544K, used 44059K [0x00000000d5b00000, 0x00000000d8780000, 0x0000000100000000)
  eden space 44032K, 99% used [0x00000000d5b00000,0x00000000d85c6eb8,0x00000000d8600000)
  from space 512K, 50% used [0x00000000d8700000,0x00000000d8740000,0x00000000d8780000)
  to   space 512K, 0% used [0x00000000d8680000,0x00000000d8680000,0x00000000d8700000)
 ParOldGen       total 200704K, used 29103K [0x0000000081000000, 0x000000008d400000, 0x00000000d5b00000)
  object space 200704K, 14% used [0x0000000081000000,0x0000000082c6bd80,0x000000008d400000)
 Metaspace       used 23134K, capacity 23416K, committed 23680K, reserved 1071104K
  class space    used 2767K, capacity 2866K, committed 2944K, reserved 1048576K
GC Heap History (10 events):
Event: 595.019 GC heap before
{Heap before GC invocations=809 (full 11):
 PSYoungGen      total 44544K, used 43769K [0x00000000d5b00000, 0x00000000d8780000, 0x0000000100000000)
  eden space 44032K, 98% used [0x00000000d5b00000,0x00000000d857a6a0,0x00000000d8600000)
  from space 512K, 53% used [0x00000000d8680000,0x00000000d86c4010,0x00000000d8700000)
  to   space 512K, 0% used [0x00000000d8700000,0x00000000d8700000,0x00000000d8780000)
 ParOldGen       total 200704K, used 28999K [0x0000000081000000, 0x000000008d400000, 0x00000000d5b00000)
  object space 200704K, 14% used [0x0000000081000000,0x0000000082c51d80,0x000000008d400000)
 Metaspace       used 23117K, capacity 23384K, committed 23680K, reserved 1071104K
  class space    used 2764K, capacity 2834K, committed 2944K, reserved 1048576K
Event: 595.020 GC heap after
Heap after GC invocations=809 (full 11):
 PSYoungGen      total 44544K, used 288K [0x00000000d5b00000, 0x00000000d8780000, 0x0000000100000000)
  eden space 44032K, 0% used [0x00000000d5b00000,0x00000000d5b00000,0x00000000d8600000)
  from space 512K, 56% used [0x00000000d8700000,0x00000000d8748000,0x00000000d8780000)
  to   space 512K, 0% used [0x00000000d8680000,0x00000000d8680000,0x00000000d8700000)
 ParOldGen       total 200704K, used 29023K [0x0000000081000000, 0x000000008d400000, 0x00000000d5b00000)
  object space 200704K, 14% used [0x0000000081000000,0x0000000082c57d80,0x000000008d400000)
 Metaspace       used 23117K, capacity 23384K, committed 23680K, reserved 1071104K
  class space    used 2764K, capacity 2834K, committed 2944K, reserved 1048576K
}
Event: 595.451 GC heap before
{Heap before GC invocations=810 (full 11):
 PSYoungGen      total 44544K, used 43787K [0x00000000d5b00000, 0x00000000d8780000, 0x0000000100000000)
  eden space 44032K, 98% used [0x00000000d5b00000,0x00000000d857af98,0x00000000d8600000)
  from space 512K, 56% used [0x00000000d8700000,0x00000000d8748000,0x00000000d8780000)
  to   space 512K, 0% used [0x00000000d8680000,0x00000000d8680000,0x00000000d8700000)
 ParOldGen       total 200704K, used 29023K [0x0000000081000000, 0x000000008d400000, 0x00000000d5b00000)
  object space 200704K, 14% used [0x0000000081000000,0x0000000082c57d80,0x000000008d400000)
 Metaspace       used 23117K, capacity 23384K, committed 23680K, reserved 1071104K
  class space    used 2764K, capacity 2834K, committed 2944K, reserved 1048576K
Event: 595.452 GC heap after
Heap after GC invocations=810 (full 11):
 PSYoungGen      total 44544K, used 320K [0x00000000d5b00000, 0x00000000d8780000, 0x0000000100000000)
  eden space 44032K, 0% used [0x00000000d5b00000,0x00000000d5b00000,0x00000000d8600000)
  from space 512K, 62% used [0x00000000d8680000,0x00000000d86d0000,0x00000000d8700000)
  to   space 512K, 0% used [0x00000000d8700000,0x00000000d8700000,0x00000000d8780000)
 ParOldGen       total 200704K, used 29055K [0x0000000081000000, 0x000000008d400000, 0x00000000d5b00000)
  object space 200704K, 14% used [0x0000000081000000,0x0000000082c5fd80,0x000000008d400000)
 Metaspace       used 23117K, capacity 23384K, committed 23680K, reserved 1071104K
  class space    used 2764K, capacity 2834K, committed 2944K, reserved 1048576K
}
Event: 595.819 GC heap before
{Heap before GC invocations=811 (full 11):
 PSYoungGen      total 44544K, used 43818K [0x00000000d5b00000, 0x00000000d8780000, 0x0000000100000000)
  eden space 44032K, 98% used [0x00000000d5b00000,0x00000000d857aac8,0x00000000d8600000)
  from space 512K, 62% used [0x00000000d8680000,0x00000000d86d0000,0x00000000d8700000)
  to   space 512K, 0% used [0x00000000d8700000,0x00000000d8700000,0x00000000d8780000)
 ParOldGen       total 200704K, used 29055K [0x0000000081000000, 0x000000008d400000, 0x00000000d5b00000)
  object space 200704K, 14% used [0x0000000081000000,0x0000000082c5fd80,0x000000008d400000)
 Metaspace       used 23117K, capacity 23384K, committed 23680K, reserved 1071104K
  class space    used 2764K, capacity 2834K, committed 2944K, reserved 1048576K
Event: 595.820 GC heap after
Heap after GC invocations=811 (full 11):
 PSYoungGen      total 44544K, used 256K [0x00000000d5b00000, 0x00000000d8780000, 0x0000000100000000)
  eden space 44032K, 0% used [0x00000000d5b00000,0x00000000d5b00000,0x00000000d8600000)
  from space 512K, 50% used [0x00000000d8700000,0x00000000d8740000,0x00000000d8780000)
  to   space 512K, 0% used [0x00000000d8680000,0x00000000d8680000,0x00000000d8700000)
 ParOldGen       total 200704K, used 29071K [0x0000000081000000, 0x000000008d400000, 0x00000000d5b00000)
  object space 200704K, 14% used [0x0000000081000000,0x0000000082c63d80,0x000000008d400000)
 Metaspace       used 23117K, capacity 23384K, committed 23680K, reserved 1071104K
  class space    used 2764K, capacity 2834K, committed 2944K, reserved 1048576K
}
Event: 596.252 GC heap before
{Heap before GC invocations=812 (full 11):
 PSYoungGen      total 44544K, used 43771K [0x00000000d5b00000, 0x00000000d8780000, 0x0000000100000000)
  eden space 44032K, 98% used [0x00000000d5b00000,0x00000000d857ee00,0x00000000d8600000)
  from space 512K, 50% used [0x00000000d8700000,0x00000000d8740000,0x00000000d8780000)
  to   space 512K, 0% used [0x00000000d8680000,0x00000000d8680000,0x00000000d8700000)
 ParOldGen       total 200704K, used 29071K [0x0000000081000000, 0x000000008d400000, 0x00000000d5b00000)
  object space 200704K, 14% used [0x0000000081000000,0x0000000082c63d80,0x000000008d400000)
 Metaspace       used 23117K, capacity 23384K, committed 23680K, reserved 1071104K
  class space    used 2764K, capacity 2834K, committed 2944K, reserved 1048576K
Event: 596.253 GC heap after
Heap after GC invocations=812 (full 11):
 PSYoungGen      total 44544K, used 272K [0x00000000d5b00000, 0x00000000d8780000, 0x0000000100000000)
  eden space 44032K, 0% used [0x00000000d5b00000,0x00000000d5b00000,0x00000000d8600000)
  from space 512K, 53% used [0x00000000d8680000,0x00000000d86c4010,0x00000000d8700000)
  to   space 512K, 0% used [0x00000000d8700000,0x00000000d8700000,0x00000000d8780000)
 ParOldGen       total 200704K, used 29087K [0x0000000081000000, 0x000000008d400000, 0x00000000d5b00000)
  object space 200704K, 14% used [0x0000000081000000,0x0000000082c67d80,0x000000008d400000)
 Metaspace       used 23117K, capacity 23384K, committed 23680K, reserved 1071104K
  class space    used 2764K, capacity 2834K, committed 2944K, reserved 1048576K
}
Event: 596.786 GC heap before
{Heap before GC invocations=813 (full 11):
 PSYoungGen      total 44544K, used 43930K [0x00000000d5b00000, 0x00000000d8780000, 0x0000000100000000)
  eden space 44032K, 99% used [0x00000000d5b00000,0x00000000d85a28a8,0x00000000d8600000)
  from space 512K, 53% used [0x00000000d8680000,0x00000000d86c4010,0x00000000d8700000)
  to   space 512K, 0% used [0x00000000d8700000,0x00000000d8700000,0x00000000d8780000)
 ParOldGen       total 200704K, used 29087K [0x0000000081000000, 0x000000008d400000, 0x00000000d5b00000)
  object space 200704K, 14% used [0x0000000081000000,0x0000000082c67d80,0x000000008d400000)
 Metaspace       used 23117K, capacity 23384K, committed 23680K, reserved 1071104K
  class space    used 2764K, capacity 2834K, committed 2944K, reserved 1048576K
Event: 596.787 GC heap after
Heap after GC invocations=813 (full 11):
 PSYoungGen      total 44544K, used 256K [0x00000000d5b00000, 0x00000000d8780000, 0x0000000100000000)
  eden space 44032K, 0% used [0x00000000d5b00000,0x00000000d5b00000,0x00000000d8600000)
  from space 512K, 50% used [0x00000000d8700000,0x00000000d8740000,0x00000000d8780000)
  to   space 512K, 0% used [0x00000000d8680000,0x00000000d8680000,0x00000000d8700000)
 ParOldGen       total 200704K, used 29103K [0x0000000081000000, 0x000000008d400000, 0x00000000d5b00000)
  object space 200704K, 14% used [0x0000000081000000,0x0000000082c6bd80,0x000000008d400000)
 Metaspace       used 23117K, capacity 23384K, committed 23680K, reserved 1071104K
  class space    used 2764K, capacity 2834K, committed 2944K, reserved 1048576K
}

