# JRE version: Java(TM) SE Runtime Environment (8.0_144-b01) (build 1.8.0_144-b01)
# Java VM: Java HotSpot(TM) 64-Bit Server VM (25.144-b01 mixed mode windows-amd64 compressed oops)
Heap:
 PSYoungGen      total 107008K, used 45237K [0x00000000d5b00000, 0x00000000e0700000, 0x0000000100000000)
  eden space 106496K, 42% used [0x00000000d5b00000,0x00000000d86f5588,0x00000000dc300000)
  from space 512K, 43% used [0x00000000dc580000,0x00000000dc5b8000,0x00000000dc600000)
  to   space 34816K, 0% used [0x00000000de500000,0x00000000de500000,0x00000000e0700000)
 ParOldGen       total 134656K, used 77546K [0x0000000081000000, 0x0000000089380000, 0x00000000d5b00000)
  object space 134656K, 57% used [0x0000000081000000,0x0000000085bbab18,0x0000000089380000)
 Metaspace       used 23044K, capacity 23320K, committed 23680K, reserved 1071104K
  class space    used 2763K, capacity 2834K, committed 2944K, reserved 1048576K
GC Heap History (10 events):
Event: 95.159 GC heap before
{Heap before GC invocations=84 (full 5):
 PSYoungGen      total 155648K, used 146980K [0x00000000d5b00000, 0x00000000e1c80000, 0x0000000100000000)
  eden space 123392K, 99% used [0x00000000d5b00000,0x00000000dd286168,0x00000000dd380000)
  from space 32256K, 76% used [0x00000000df780000,0x00000000e0f83030,0x00000000e1700000)
  to   space 36864K, 0% used [0x00000000dd380000,0x00000000dd380000,0x00000000df780000)
 ParOldGen       total 134656K, used 77442K [0x0000000081000000, 0x0000000089380000, 0x00000000d5b00000)
  object space 134656K, 57% used [0x0000000081000000,0x0000000085ba0b18,0x0000000089380000)
 Metaspace       used 23034K, capacity 23320K, committed 23680K, reserved 1071104K
  class space    used 2760K, capacity 2834K, committed 2944K, reserved 1048576K
Event: 95.160 GC heap after
Heap after GC invocations=84 (full 5):
 PSYoungGen      total 120320K, used 288K [0x00000000d5b00000, 0x00000000e1500000, 0x0000000100000000)
  eden space 119808K, 0% used [0x00000000d5b00000,0x00000000d5b00000,0x00000000dd000000)
  from space 512K, 56% used [0x00000000dd380000,0x00000000dd3c8000,0x00000000dd400000)
  to   space 35328K, 0% used [0x00000000df280000,0x00000000df280000,0x00000000e1500000)
 ParOldGen       total 134656K, used 77466K [0x0000000081000000, 0x0000000089380000, 0x00000000d5b00000)
  object space 134656K, 57% used [0x0000000081000000,0x0000000085ba6b18,0x0000000089380000)
 Metaspace       used 23034K, capacity 23320K, committed 23680K, reserved 1071104K
  class space    used 2760K, capacity 2834K, committed 2944K, reserved 1048576K
}
Event: 96.225 GC heap before
{Heap before GC invocations=85 (full 5):
 PSYoungGen      total 120320K, used 116532K [0x00000000d5b00000, 0x00000000e1500000, 0x0000000100000000)
  eden space 119808K, 97% used [0x00000000d5b00000,0x00000000dcc85350,0x00000000dd000000)
  from space 512K, 56% used [0x00000000dd380000,0x00000000dd3c8000,0x00000000dd400000)
  to   space 35328K, 0% used [0x00000000df280000,0x00000000df280000,0x00000000e1500000)
 ParOldGen       total 134656K, used 77466K [0x0000000081000000, 0x0000000089380000, 0x00000000d5b00000)
  object space 134656K, 57% used [0x0000000081000000,0x0000000085ba6b18,0x0000000089380000)
 Metaspace       used 23034K, capacity 23320K, committed 23680K, reserved 1071104K
  class space    used 2760K, capacity 2834K, committed 2944K, reserved 1048576K
Event: 96.226 GC heap after
Heap after GC invocations=85 (full 5):
 PSYoungGen      total 145920K, used 288K [0x00000000d5b00000, 0x00000000e0f00000, 0x0000000100000000)
  eden space 116736K, 0% used [0x00000000d5b00000,0x00000000d5b00000,0x00000000dcd00000)
  from space 29184K, 0% used [0x00000000df280000,0x00000000df2c8000,0x00000000e0f00000)
  to   space 33792K, 0% used [0x00000000dcd00000,0x00000000dcd00000,0x00000000dee00000)
 ParOldGen       total 134656K, used 77490K [0x0000000081000000, 0x0000000089380000, 0x00000000d5b00000)
  object space 134656K, 57% used [0x0000000081000000,0x0000000085bacb18,0x0000000089380000)
 Metaspace       used 23034K, capacity 23320K, committed 23680K, reserved 1071104K
  class space    used 2760K, capacity 2834K, committed 2944K, reserved 1048576K
}
Event: 97.292 GC heap before
{Heap before GC invocations=86 (full 5):
 PSYoungGen      total 145920K, used 116404K [0x00000000d5b00000, 0x00000000e0f00000, 0x0000000100000000)
  eden space 116736K, 99% used [0x00000000d5b00000,0x00000000dcc65280,0x00000000dcd00000)
  from space 29184K, 0% used [0x00000000df280000,0x00000000df2c8000,0x00000000e0f00000)
  to   space 33792K, 0% used [0x00000000dcd00000,0x00000000dcd00000,0x00000000dee00000)
 ParOldGen       total 134656K, used 77490K [0x0000000081000000, 0x0000000089380000, 0x00000000d5b00000)
  object space 134656K, 57% used [0x0000000081000000,0x0000000085bacb18,0x0000000089380000)
 Metaspace       used 23034K, capacity 23320K, committed 23680K, reserved 1071104K
  class space    used 2760K, capacity 2834K, committed 2944K, reserved 1048576K
Event: 97.294 GC heap after
Heap after GC invocations=86 (full 5):
 PSYoungGen      total 114176K, used 288K [0x00000000d5b00000, 0x00000000e0800000, 0x0000000100000000)
  eden space 113664K, 0% used [0x00000000d5b00000,0x00000000d5b00000,0x00000000dca00000)
  from space 512K, 56% used [0x00000000dcd00000,0x00000000dcd48000,0x00000000dcd80000)
  to   space 31744K, 0% used [0x00000000de900000,0x00000000de900000,0x00000000e0800000)
 ParOldGen       total 134656K, used 77514K [0x0000000081000000, 0x0000000089380000, 0x00000000d5b00000)
  object space 134656K, 57% used [0x0000000081000000,0x0000000085bb2b18,0x0000000089380000)
 Metaspace       used 23034K, capacity 23320K, committed 23680K, reserved 1071104K
  class space    used 2760K, capacity 2834K, committed 2944K, reserved 1048576K
}
Event: 98.272 GC heap before
{Heap before GC invocations=87 (full 5):
 PSYoungGen      total 114176K, used 110288K [0x00000000d5b00000, 0x00000000e0800000, 0x0000000100000000)
  eden space 113664K, 96% used [0x00000000d5b00000,0x00000000dc66c0c0,0x00000000dca00000)
  from space 512K, 56% used [0x00000000dcd00000,0x00000000dcd48000,0x00000000dcd80000)
  to   space 31744K, 0% used [0x00000000de900000,0x00000000de900000,0x00000000e0800000)
 ParOldGen       total 134656K, used 77514K [0x0000000081000000, 0x0000000089380000, 0x00000000d5b00000)
  object space 134656K, 57% used [0x0000000081000000,0x0000000085bb2b18,0x0000000089380000)
 Metaspace       used 23034K, capacity 23320K, committed 23680K, reserved 1071104K
  class space    used 2760K, capacity 2834K, committed 2944K, reserved 1048576K
Event: 98.276 GC heap after
Heap after GC invocations=87 (full 5):
 PSYoungGen      total 140800K, used 24588K [0x00000000d5b00000, 0x00000000e0e00000, 0x0000000100000000)
  eden space 109056K, 0% used [0x00000000d5b00000,0x00000000d5b00000,0x00000000dc580000)
  from space 31744K, 77% used [0x00000000de900000,0x00000000e0103030,0x00000000e0800000)
  to   space 36352K, 0% used [0x00000000dc580000,0x00000000dc580000,0x00000000de900000)
 ParOldGen       total 134656K, used 77530K [0x0000000081000000, 0x0000000089380000, 0x00000000d5b00000)
  object space 134656K, 57% used [0x0000000081000000,0x0000000085bb6b18,0x0000000089380000)
 Metaspace       used 23034K, capacity 23320K, committed 23680K, reserved 1071104K
  class space    used 2760K, capacity 2834K, committed 2944K, reserved 1048576K
}
Event: 99.290 GC heap before
{Heap before GC invocations=88 (full 5):
 PSYoungGen      total 140800K, used 132542K [0x00000000d5b00000, 0x00000000e0e00000, 0x0000000100000000)
  eden space 109056K, 98% used [0x00000000d5b00000,0x00000000dc46cb50,0x00000000dc580000)
  from space 31744K, 77% used [0x00000000de900000,0x00000000e0103030,0x00000000e0800000)
  to   space 36352K, 0% used [0x00000000dc580000,0x00000000dc580000,0x00000000de900000)
 ParOldGen       total 134656K, used 77530K [0x0000000081000000, 0x0000000089380000, 0x00000000d5b00000)
  object space 134656K, 57% used [0x0000000081000000,0x0000000085bb6b18,0x0000000089380000)
 Metaspace       used 23034K, capacity 23320K, committed 23680K, reserved 1071104K
  class space    used 2760K, capacity 2834K, committed 2944K, reserved 1048576K
Event: 99.292 GC heap after
Heap after GC invocations=88 (full 5):
 PSYoungGen      total 107008K, used 224K [0x00000000d5b00000, 0x00000000e0700000, 0x0000000100000000)
  eden space 106496K, 0% used [0x00000000d5b00000,0x00000000d5b00000,0x00000000dc300000)
  from space 512K, 43% used [0x00000000dc580000,0x00000000dc5b8000,0x00000000dc600000)
  to   space 34816K, 0% used [0x00000000de500000,0x00000000de500000,0x00000000e0700000)
 ParOldGen       total 134656K, used 77546K [0x0000000081000000, 0x0000000089380000, 0x00000000d5b00000)
  object space 134656K, 57% used [0x0000000081000000,0x0000000085bbab18,0x0000000089380000)
 Metaspace       used 23034K, capacity 23320K, committed 23680K, reserved 1071104K
  class space    used 2760K, capacity 2834K, committed 2944K, reserved 1048576K
}

